10:10:14.014 INFO - Selenium build info: version: '3.9.1', revision: '63f7b50'
10:10:14.016 INFO - Launching a standalone Selenium Server on port 4444
2018-04-27 10:10:14.379:INFO::main: Logging initialized @956ms to org.seleniumhq.jetty9.util.log.StdErrLog
2018-04-27 10:10:14.635:INFO:osjs.Server:main: jetty-9.4.7.v20170914, build timestamp: 2017-11-22T05:27:37+08:00, git hash: 82b8fb23f757335bb3329d540ce37a2a2615f0a8
2018-04-27 10:10:14.673:WARN:osjs.SecurityHandler:main: ServletContext@o.s.j.s.ServletContextHandler@1a18644{/,null,STARTING} has uncovered http methods for path: /
2018-04-27 10:10:14.679:INFO:osjsh.ContextHandler:main: Started o.s.j.s.ServletContextHandler@1a18644{/,null,AVAILABLE}
2018-04-27 10:10:14.864:INFO:osjs.AbstractConnector:main: Started ServerConnector@402c4085{HTTP/1.1,[http/1.1]}{0.0.0.0:4444}
2018-04-27 10:10:14.864:INFO:osjs.Server:main: Started @1442ms
10:10:14.864 INFO - Selenium Server is up and running on port 4444
2018-04-27 10:10:16.397:INFO:osjshC.ROOT:qtp7967307-14: org.openqa.selenium.remote.server.WebDriverServlet-776b83cc: Initialising WebDriverServlet
10:10:16.482 INFO - Found handler: org.openqa.selenium.remote.server.commandhandler.BeginSession@654f56c9
10:10:16.497 INFO - /session: Executing POST on /session (handler: BeginSession)
10:10:16.582 INFO - Capabilities are: Capabilities {acceptSslCerts: true, browserName: chrome, chromeOptions: {args: [disable-web-security, ignore-certificate-errors, headless]}, javascriptEnabled: true}
10:10:16.582 INFO - Capabilities {acceptSslCerts: true, browserName: chrome, chromeOptions: {args: [disable-web-security, ignore-certificate-errors, headless]}, javascriptEnabled: true} matched class org.openqa.selenium.remote.server.ServicedSession$Factory (provider: org.openqa.selenium.chrome.ChromeDriverService)
Starting ChromeDriver 2.37.544315 (730aa6a5fdba159ac9f4c1e8cbc59bf1b5ce12b7) on port 26635
Only local connections are allowed.
10:10:20.419 INFO - Detected dialect: OSS
10:10:21.053 INFO - Found handler: org.openqa.selenium.remote.server.ServicedSession@4cab6cff
10:10:21.053 INFO - Handler thread for session 0d16bb597750e52f61828698d7b245b1 (chrome): Executing POST on /session/0d16bb597750e52f61828698d7b245b1/url (handler: ServicedSession)
10:10:21.053 INFO - To upstream: {"url":"https://www.google.com.ph"}
10:10:25.929 INFO - To downstream: {"sessionId":"0d16bb597750e52f61828698d7b245b1","status":0,"value":null}
10:10:25.939 INFO - Found handler: org.openqa.selenium.remote.server.ServicedSession@4cab6cff
10:10:25.940 INFO - Handler thread for session 0d16bb597750e52f61828698d7b245b1 (chrome): Executing POST on /session/0d16bb597750e52f61828698d7b245b1/elements (handler: ServicedSession)
10:10:25.942 INFO - To upstream: {"using":"css selector","value":"body"}
10:10:25.952 INFO - To downstream: {"sessionId":"0d16bb597750e52f61828698d7b245b1","status":0,"value":[{"ELEMENT":"0.8184680467287402-1"}]}
10:10:25.991 INFO - Found handler: org.openqa.selenium.remote.server.ServicedSession@4cab6cff
10:10:25.992 INFO - Handler thread for session 0d16bb597750e52f61828698d7b245b1 (chrome): Executing POST on /session/0d16bb597750e52f61828698d7b245b1/elements (handler: ServicedSession)
10:10:25.994 INFO - To upstream: {"using":"css selector","value":"input[name=q]"}
10:10:26.021 INFO - To downstream: {"sessionId":"0d16bb597750e52f61828698d7b245b1","status":0,"value":[{"ELEMENT":"0.8184680467287402-2"}]}
10:10:26.022 INFO - Found handler: org.openqa.selenium.remote.server.ServicedSession@4cab6cff
10:10:26.022 INFO - Handler thread for session 0d16bb597750e52f61828698d7b245b1 (chrome): Executing GET on /session/0d16bb597750e52f61828698d7b245b1/element/0.8184680467287402-2/displayed (handler: ServicedSession)
10:10:26.051 INFO - To downstream: {"sessionId":"0d16bb597750e52f61828698d7b245b1","status":0,"value":true}
10:10:26.051 INFO - Found handler: org.openqa.selenium.remote.server.ServicedSession@4cab6cff
10:10:26.051 INFO - Handler thread for session 0d16bb597750e52f61828698d7b245b1 (chrome): Executing POST on /session/0d16bb597750e52f61828698d7b245b1/element (handler: ServicedSession)
10:10:26.051 INFO - To upstream: {"using":"css selector","value":"input[name=q]"}
10:10:26.091 INFO - To downstream: {"sessionId":"0d16bb597750e52f61828698d7b245b1","status":0,"value":{"ELEMENT":"0.8184680467287402-2"}}
10:10:26.098 INFO - Found handler: org.openqa.selenium.remote.server.ServicedSession@4cab6cff
10:10:26.100 INFO - Handler thread for session 0d16bb597750e52f61828698d7b245b1 (chrome): Executing POST on /session/0d16bb597750e52f61828698d7b245b1/element/0.8184680467287402-2/value (handler: ServicedSession)
10:10:26.101 INFO - To upstream: {"value":["n","i","g","h","t","w","a","t","c","h","\ue007"]}
10:10:27.336 INFO - To downstream: {"sessionId":"0d16bb597750e52f61828698d7b245b1","status":0,"value":null}
10:10:27.354 INFO - Found handler: org.openqa.selenium.remote.server.ServicedSession@4cab6cff
10:10:27.355 INFO - Handler thread for session 0d16bb597750e52f61828698d7b245b1 (chrome): Executing POST on /session/0d16bb597750e52f61828698d7b245b1/elements (handler: ServicedSession)
10:10:27.357 INFO - To upstream: {"using":"css selector","value":"#fll > a:nth-child(6)"}
10:10:27.385 INFO - To downstream: {"sessionId":"0d16bb597750e52f61828698d7b245b1","status":0,"value":[{"ELEMENT":"0.036694134491147556-1"}]}
10:10:27.385 INFO - Found handler: org.openqa.selenium.remote.server.ServicedSession@4cab6cff
10:10:27.385 INFO - Handler thread for session 0d16bb597750e52f61828698d7b245b1 (chrome): Executing GET on /session/0d16bb597750e52f61828698d7b245b1/element/0.036694134491147556-1/displayed (handler: ServicedSession)
10:10:27.400 INFO - To downstream: {"sessionId":"0d16bb597750e52f61828698d7b245b1","status":0,"value":false}
10:10:27.919 INFO - Found handler: org.openqa.selenium.remote.server.ServicedSession@4cab6cff
10:10:27.919 INFO - Handler thread for session 0d16bb597750e52f61828698d7b245b1 (chrome): Executing GET on /session/0d16bb597750e52f61828698d7b245b1/element/0.036694134491147556-1/displayed (handler: ServicedSession)
10:10:27.932 INFO - To downstream: {"sessionId":"0d16bb597750e52f61828698d7b245b1","status":0,"value":false}
10:10:28.440 INFO - Found handler: org.openqa.selenium.remote.server.ServicedSession@4cab6cff
10:10:28.440 INFO - Handler thread for session 0d16bb597750e52f61828698d7b245b1 (chrome): Executing GET on /session/0d16bb597750e52f61828698d7b245b1/element/0.036694134491147556-1/displayed (handler: ServicedSession)
10:10:28.452 INFO - To downstream: {"sessionId":"0d16bb597750e52f61828698d7b245b1","status":0,"value":false}
10:10:28.960 INFO - Found handler: org.openqa.selenium.remote.server.ServicedSession@4cab6cff
10:10:28.960 INFO - Handler thread for session 0d16bb597750e52f61828698d7b245b1 (chrome): Executing GET on /session/0d16bb597750e52f61828698d7b245b1/element/0.036694134491147556-1/displayed (handler: ServicedSession)
10:10:28.991 INFO - To downstream: {"sessionId":"0d16bb597750e52f61828698d7b245b1","status":0,"value":false}
10:10:29.504 INFO - Found handler: org.openqa.selenium.remote.server.ServicedSession@4cab6cff
10:10:29.504 INFO - Handler thread for session 0d16bb597750e52f61828698d7b245b1 (chrome): Executing GET on /session/0d16bb597750e52f61828698d7b245b1/element/0.036694134491147556-1/displayed (handler: ServicedSession)
10:10:29.517 INFO - To downstream: {"sessionId":"0d16bb597750e52f61828698d7b245b1","status":0,"value":false}
10:10:30.028 INFO - Found handler: org.openqa.selenium.remote.server.ServicedSession@4cab6cff
10:10:30.029 INFO - Handler thread for session 0d16bb597750e52f61828698d7b245b1 (chrome): Executing GET on /session/0d16bb597750e52f61828698d7b245b1/element/0.036694134491147556-1/displayed (handler: ServicedSession)
10:10:30.068 INFO - To downstream: {"sessionId":"0d16bb597750e52f61828698d7b245b1","status":0,"value":true}
10:10:30.074 INFO - Found handler: org.openqa.selenium.remote.server.ServicedSession@4cab6cff
10:10:30.075 INFO - Handler thread for session 0d16bb597750e52f61828698d7b245b1 (chrome): Executing POST on /session/0d16bb597750e52f61828698d7b245b1/elements (handler: ServicedSession)
10:10:30.077 INFO - To upstream: {"using":"css selector","value":"div[class=g] h3 a"}
10:10:30.100 INFO - To downstream: {"sessionId":"0d16bb597750e52f61828698d7b245b1","status":0,"value":[{"ELEMENT":"0.036694134491147556-2"},{"ELEMENT":"0.036694134491147556-3"},{"ELEMENT":"0.036694134491147556-4"},{"ELEMENT":"0.036694134491147556-5"},{"ELEMENT":"0.036694134491147556-6"},{"ELEMENT":"0.036694134491147556-7"},{"ELEMENT":"0.036694134491147556-8"},{"ELEMENT":"0.036694134491147556-9"},{"ELEMENT":"0.036694134491147556-10"},{"ELEMENT":"0.036694134491147556-11"}]}
10:10:30.110 INFO - Found handler: org.openqa.selenium.remote.server.ServicedSession@4cab6cff
10:10:30.111 INFO - Handler thread for session 0d16bb597750e52f61828698d7b245b1 (chrome): Executing GET on /session/0d16bb597750e52f61828698d7b245b1/element/0.036694134491147556-2/attribute/href (handler: ServicedSession)
10:10:30.120 INFO - To downstream: {"sessionId":"0d16bb597750e52f61828698d7b245b1","status":0,"value":"http://www.google.com.ph/url?url=http://nightwatchjs.org/&rct=j&frm=1&q=&esrc=s&sa=U&ved=0ahUKEwi8tvWPsNnaAhVBQLwKHXbaB60QFggUMAA&usg=AOvVaw1eNlxYKN6vUjXu7-pj_f3I"}
10:10:30.128 INFO - Found handler: org.openqa.selenium.remote.server.ServicedSession@4cab6cff
10:10:30.128 INFO - Handler thread for session 0d16bb597750e52f61828698d7b245b1 (chrome): Executing GET on /session/0d16bb597750e52f61828698d7b245b1/element/0.036694134491147556-3/attribute/href (handler: ServicedSession)
10:10:30.140 INFO - To downstream: {"sessionId":"0d16bb597750e52f61828698d7b245b1","status":0,"value":"http://www.google.com.ph/url?url=http://nightcloud.io/&rct=j&frm=1&q=&esrc=s&sa=U&ved=0ahUKEwi8tvWPsNnaAhVBQLwKHXbaB60QFggfMAE&usg=AOvVaw2nPImOQdpQszeoBRi4Eil1"}
10:10:30.146 INFO - Found handler: org.openqa.selenium.remote.server.ServicedSession@4cab6cff
10:10:30.146 INFO - Handler thread for session 0d16bb597750e52f61828698d7b245b1 (chrome): Executing GET on /session/0d16bb597750e52f61828698d7b245b1/element/0.036694134491147556-4/attribute/href (handler: ServicedSession)
10:10:30.146 INFO - To downstream: {"sessionId":"0d16bb597750e52f61828698d7b245b1","status":0,"value":"https://www.google.com.ph/url?url=https://github.com/nightwatchjs/nightwatch&rct=j&frm=1&q=&esrc=s&sa=U&ved=0ahUKEwi8tvWPsNnaAhVBQLwKHXbaB60QFgglMAI&usg=AOvVaw0B8IiSRvCP254X9zwqAn8r"}
10:10:30.162 INFO - Found handler: org.openqa.selenium.remote.server.ServicedSession@4cab6cff
10:10:30.162 INFO - Handler thread for session 0d16bb597750e52f61828698d7b245b1 (chrome): Executing GET on /session/0d16bb597750e52f61828698d7b245b1/element/0.036694134491147556-5/attribute/href (handler: ServicedSession)
10:10:30.162 INFO - To downstream: {"sessionId":"0d16bb597750e52f61828698d7b245b1","status":0,"value":"https://www.google.com.ph/url?url=https://en.wikipedia.org/wiki/Night_Watch_(2004_film)&rct=j&frm=1&q=&esrc=s&sa=U&ved=0ahUKEwi8tvWPsNnaAhVBQLwKHXbaB60QFggrMAM&usg=AOvVaw21vKGdxu0UsYwMuj2Xw0Zj"}
10:10:30.178 INFO - Found handler: org.openqa.selenium.remote.server.ServicedSession@4cab6cff
10:10:30.178 INFO - Handler thread for session 0d16bb597750e52f61828698d7b245b1 (chrome): Executing GET on /session/0d16bb597750e52f61828698d7b245b1/element/0.036694134491147556-6/attribute/href (handler: ServicedSession)
10:10:30.193 INFO - To downstream: {"sessionId":"0d16bb597750e52f61828698d7b245b1","status":0,"value":"https://www.google.com.ph/url?url=https://en.wikipedia.org/wiki/Nightwatch_(comics)&rct=j&frm=1&q=&esrc=s&sa=U&ved=0ahUKEwi8tvWPsNnaAhVBQLwKHXbaB60QFgg2MAQ&usg=AOvVaw0g-2dH1PFpHDWXiu-LB6Lc"}
10:10:30.193 INFO - Found handler: org.openqa.selenium.remote.server.ServicedSession@4cab6cff
10:10:30.193 INFO - Handler thread for session 0d16bb597750e52f61828698d7b245b1 (chrome): Executing GET on /session/0d16bb597750e52f61828698d7b245b1/element/0.036694134491147556-7/attribute/href (handler: ServicedSession)
10:10:30.209 INFO - To downstream: {"sessionId":"0d16bb597750e52f61828698d7b245b1","status":0,"value":"https://www.google.com.ph/url?url=https://www.npmjs.com/package/nightwatch&rct=j&frm=1&q=&esrc=s&sa=U&ved=0ahUKEwi8tvWPsNnaAhVBQLwKHXbaB60QFghBMAU&usg=AOvVaw0mVjsGpmnBHb0O8SmySPsu"}
10:10:30.209 INFO - Found handler: org.openqa.selenium.remote.server.ServicedSession@4cab6cff
10:10:30.209 INFO - Handler thread for session 0d16bb597750e52f61828698d7b245b1 (chrome): Executing GET on /session/0d16bb597750e52f61828698d7b245b1/element/0.036694134491147556-8/attribute/href (handler: ServicedSession)
10:10:30.209 INFO - To downstream: {"sessionId":"0d16bb597750e52f61828698d7b245b1","status":0,"value":"http://www.google.com.ph/url?url=http://www.aetv.com/shows/nightwatch&rct=j&frm=1&q=&esrc=s&sa=U&ved=0ahUKEwi8tvWPsNnaAhVBQLwKHXbaB60QFghIMAY&usg=AOvVaw35jWjvTR6T60QYz7fklf6z"}
10:10:30.228 INFO - Found handler: org.openqa.selenium.remote.server.ServicedSession@4cab6cff
10:10:30.228 INFO - Handler thread for session 0d16bb597750e52f61828698d7b245b1 (chrome): Executing GET on /session/0d16bb597750e52f61828698d7b245b1/element/0.036694134491147556-9/attribute/href (handler: ServicedSession)
10:10:30.234 INFO - To downstream: {"sessionId":"0d16bb597750e52f61828698d7b245b1","status":0,"value":"https://www.google.com.ph/url?url=https://medium.com/front-end-hacking/e2e-testing-with-nightwatch-part-one-309c221b7a98&rct=j&frm=1&q=&esrc=s&sa=U&ved=0ahUKEwi8tvWPsNnaAhVBQLwKHXbaB60QFghOMAc&usg=AOvVaw1Zr9I0czkGPFhtoHPlYAzG"}
10:10:30.234 INFO - Found handler: org.openqa.selenium.remote.server.ServicedSession@4cab6cff
10:10:30.234 INFO - Handler thread for session 0d16bb597750e52f61828698d7b245b1 (chrome): Executing GET on /session/0d16bb597750e52f61828698d7b245b1/element/0.036694134491147556-10/attribute/href (handler: ServicedSession)
10:10:30.250 INFO - To downstream: {"sessionId":"0d16bb597750e52f61828698d7b245b1","status":0,"value":"https://www.google.com.ph/url?url=https://juristr.com/blog/2014/02/nightwatch-test-automation/&rct=j&frm=1&q=&esrc=s&sa=U&ved=0ahUKEwi8tvWPsNnaAhVBQLwKHXbaB60QFghUMAg&usg=AOvVaw1PDbVzt32Xn3oYrbyH3hxZ"}
10:10:30.250 INFO - Found handler: org.openqa.selenium.remote.server.ServicedSession@4cab6cff
10:10:30.250 INFO - Handler thread for session 0d16bb597750e52f61828698d7b245b1 (chrome): Executing GET on /session/0d16bb597750e52f61828698d7b245b1/element/0.036694134491147556-11/attribute/href (handler: ServicedSession)
10:10:30.250 INFO - To downstream: {"sessionId":"0d16bb597750e52f61828698d7b245b1","status":0,"value":"https://www.google.com.ph/url?url=https://www.imdb.com/title/tt0119791/&rct=j&frm=1&q=&esrc=s&sa=U&ved=0ahUKEwi8tvWPsNnaAhVBQLwKHXbaB60QFghaMAk&usg=AOvVaw1tZQwipzP9th2sEBKn9U6w"}
10:10:30.281 INFO - Found handler: org.openqa.selenium.remote.server.ServicedSession@4cab6cff
10:10:30.281 INFO - Handler thread for session 0d16bb597750e52f61828698d7b245b1 (chrome): Executing POST on /session/0d16bb597750e52f61828698d7b245b1/url (handler: ServicedSession)
10:10:30.297 INFO - To upstream: {"url":"https://www.google.com.ph"}
10:10:30.473 INFO - To downstream: {"sessionId":"0d16bb597750e52f61828698d7b245b1","status":0,"value":null}
10:10:30.479 INFO - Found handler: org.openqa.selenium.remote.server.ServicedSession@4cab6cff
10:10:30.479 INFO - Handler thread for session 0d16bb597750e52f61828698d7b245b1 (chrome): Executing POST on /session/0d16bb597750e52f61828698d7b245b1/elements (handler: ServicedSession)
10:10:30.482 INFO - To upstream: {"using":"css selector","value":"body"}
10:10:30.516 INFO - To downstream: {"sessionId":"0d16bb597750e52f61828698d7b245b1","status":0,"value":[{"ELEMENT":"0.39149827059967257-1"}]}
10:10:30.534 INFO - Found handler: org.openqa.selenium.remote.server.ServicedSession@4cab6cff
10:10:30.534 INFO - Handler thread for session 0d16bb597750e52f61828698d7b245b1 (chrome): Executing POST on /session/0d16bb597750e52f61828698d7b245b1/elements (handler: ServicedSession)
10:10:30.534 INFO - To upstream: {"using":"css selector","value":"input[name=q]"}
10:10:30.550 INFO - To downstream: {"sessionId":"0d16bb597750e52f61828698d7b245b1","status":0,"value":[{"ELEMENT":"0.39149827059967257-2"}]}
10:10:30.550 INFO - Found handler: org.openqa.selenium.remote.server.ServicedSession@4cab6cff
10:10:30.550 INFO - Handler thread for session 0d16bb597750e52f61828698d7b245b1 (chrome): Executing GET on /session/0d16bb597750e52f61828698d7b245b1/element/0.39149827059967257-2/displayed (handler: ServicedSession)
10:10:30.566 INFO - To downstream: {"sessionId":"0d16bb597750e52f61828698d7b245b1","status":0,"value":true}
10:10:30.581 INFO - Found handler: org.openqa.selenium.remote.server.ServicedSession@4cab6cff
10:10:30.581 INFO - Handler thread for session 0d16bb597750e52f61828698d7b245b1 (chrome): Executing POST on /session/0d16bb597750e52f61828698d7b245b1/element (handler: ServicedSession)
10:10:30.581 INFO - To upstream: {"using":"css selector","value":"input[name=q]"}
10:10:30.598 INFO - To downstream: {"sessionId":"0d16bb597750e52f61828698d7b245b1","status":0,"value":{"ELEMENT":"0.39149827059967257-2"}}
10:10:30.606 INFO - Found handler: org.openqa.selenium.remote.server.ServicedSession@4cab6cff
10:10:30.607 INFO - Handler thread for session 0d16bb597750e52f61828698d7b245b1 (chrome): Executing POST on /session/0d16bb597750e52f61828698d7b245b1/element/0.39149827059967257-2/value (handler: ServicedSession)
10:10:30.609 INFO - To upstream: {"value":["c","u","c","u","m","b","e","r",".","i","o","\ue007"]}
10:10:31.680 INFO - To downstream: {"sessionId":"0d16bb597750e52f61828698d7b245b1","status":0,"value":null}
10:10:31.706 INFO - Found handler: org.openqa.selenium.remote.server.ServicedSession@4cab6cff
10:10:31.707 INFO - Handler thread for session 0d16bb597750e52f61828698d7b245b1 (chrome): Executing POST on /session/0d16bb597750e52f61828698d7b245b1/elements (handler: ServicedSession)
10:10:31.710 INFO - To upstream: {"using":"css selector","value":"#fll > a:nth-child(6)"}
10:10:31.756 INFO - To downstream: {"sessionId":"0d16bb597750e52f61828698d7b245b1","status":0,"value":[{"ELEMENT":"0.14190297331083523-1"}]}
10:10:31.762 INFO - Found handler: org.openqa.selenium.remote.server.ServicedSession@4cab6cff
10:10:31.762 INFO - Handler thread for session 0d16bb597750e52f61828698d7b245b1 (chrome): Executing GET on /session/0d16bb597750e52f61828698d7b245b1/element/0.14190297331083523-1/displayed (handler: ServicedSession)
10:10:31.804 INFO - To downstream: {"sessionId":"0d16bb597750e52f61828698d7b245b1","status":0,"value":false}
10:10:32.309 INFO - Found handler: org.openqa.selenium.remote.server.ServicedSession@4cab6cff
10:10:32.309 INFO - Handler thread for session 0d16bb597750e52f61828698d7b245b1 (chrome): Executing GET on /session/0d16bb597750e52f61828698d7b245b1/element/0.14190297331083523-1/displayed (handler: ServicedSession)
10:10:32.322 INFO - To downstream: {"sessionId":"0d16bb597750e52f61828698d7b245b1","status":0,"value":false}
10:10:32.844 INFO - Found handler: org.openqa.selenium.remote.server.ServicedSession@4cab6cff
10:10:32.844 INFO - Handler thread for session 0d16bb597750e52f61828698d7b245b1 (chrome): Executing GET on /session/0d16bb597750e52f61828698d7b245b1/element/0.14190297331083523-1/displayed (handler: ServicedSession)
10:10:32.862 INFO - To downstream: {"sessionId":"0d16bb597750e52f61828698d7b245b1","status":0,"value":false}
10:10:33.374 INFO - Found handler: org.openqa.selenium.remote.server.ServicedSession@4cab6cff
10:10:33.374 INFO - Handler thread for session 0d16bb597750e52f61828698d7b245b1 (chrome): Executing GET on /session/0d16bb597750e52f61828698d7b245b1/element/0.14190297331083523-1/displayed (handler: ServicedSession)
10:10:33.405 INFO - To downstream: {"sessionId":"0d16bb597750e52f61828698d7b245b1","status":0,"value":false}
10:10:33.921 INFO - Found handler: org.openqa.selenium.remote.server.ServicedSession@4cab6cff
10:10:33.921 INFO - Handler thread for session 0d16bb597750e52f61828698d7b245b1 (chrome): Executing GET on /session/0d16bb597750e52f61828698d7b245b1/element/0.14190297331083523-1/displayed (handler: ServicedSession)
10:10:33.958 INFO - To downstream: {"sessionId":"0d16bb597750e52f61828698d7b245b1","status":0,"value":false}
10:10:34.474 INFO - Found handler: org.openqa.selenium.remote.server.ServicedSession@4cab6cff
10:10:34.474 INFO - Handler thread for session 0d16bb597750e52f61828698d7b245b1 (chrome): Executing GET on /session/0d16bb597750e52f61828698d7b245b1/element/0.14190297331083523-1/displayed (handler: ServicedSession)
10:10:34.506 INFO - To downstream: {"sessionId":"0d16bb597750e52f61828698d7b245b1","status":0,"value":true}
10:10:34.521 INFO - Found handler: org.openqa.selenium.remote.server.ServicedSession@4cab6cff
10:10:34.521 INFO - Handler thread for session 0d16bb597750e52f61828698d7b245b1 (chrome): Executing POST on /session/0d16bb597750e52f61828698d7b245b1/elements (handler: ServicedSession)
10:10:34.521 INFO - To upstream: {"using":"css selector","value":"div[class=g] h3 a"}
10:10:34.537 INFO - To downstream: {"sessionId":"0d16bb597750e52f61828698d7b245b1","status":0,"value":[{"ELEMENT":"0.14190297331083523-2"},{"ELEMENT":"0.14190297331083523-3"},{"ELEMENT":"0.14190297331083523-4"},{"ELEMENT":"0.14190297331083523-5"},{"ELEMENT":"0.14190297331083523-6"},{"ELEMENT":"0.14190297331083523-7"},{"ELEMENT":"0.14190297331083523-8"},{"ELEMENT":"0.14190297331083523-9"},{"ELEMENT":"0.14190297331083523-10"},{"ELEMENT":"0.14190297331083523-11"},{"ELEMENT":"0.14190297331083523-12"},{"ELEMENT":"0.14190297331083523-13"},{"ELEMENT":"0.14190297331083523-14"},{"ELEMENT":"0.14190297331083523-15"}]}
10:10:34.559 INFO - Found handler: org.openqa.selenium.remote.server.ServicedSession@4cab6cff
10:10:34.559 INFO - Handler thread for session 0d16bb597750e52f61828698d7b245b1 (chrome): Executing GET on /session/0d16bb597750e52f61828698d7b245b1/element/0.14190297331083523-2/attribute/href (handler: ServicedSession)
10:10:34.575 INFO - To downstream: {"sessionId":"0d16bb597750e52f61828698d7b245b1","status":0,"value":"https://www.google.com.ph/url?url=https://cucumber.io/&rct=j&frm=1&q=&esrc=s&sa=U&ved=0ahUKEwih-oeSsNnaAhVEyrwKHaEnAOMQFggVMAA&usg=AOvVaw0pcRyc0vfDQ0dmKEJDlE1G"}
10:10:34.575 INFO - Found handler: org.openqa.selenium.remote.server.ServicedSession@4cab6cff
10:10:34.575 INFO - Handler thread for session 0d16bb597750e52f61828698d7b245b1 (chrome): Executing GET on /session/0d16bb597750e52f61828698d7b245b1/element/0.14190297331083523-3/attribute/href (handler: ServicedSession)
10:10:34.590 INFO - To downstream: {"sessionId":"0d16bb597750e52f61828698d7b245b1","status":0,"value":"https://www.google.com.ph/url?url=https://docs.cucumber.io/&rct=j&frm=1&q=&esrc=s&sa=U&ved=0ahUKEwih-oeSsNnaAhVEyrwKHaEnAOMQjBAIHTAB&usg=AOvVaw2-Fb0QnktFO6f-kzAxOkcG"}
10:10:34.590 INFO - Found handler: org.openqa.selenium.remote.server.ServicedSession@4cab6cff
10:10:34.590 INFO - Handler thread for session 0d16bb597750e52f61828698d7b245b1 (chrome): Executing GET on /session/0d16bb597750e52f61828698d7b245b1/element/0.14190297331083523-4/attribute/href (handler: ServicedSession)
10:10:34.590 INFO - To downstream: {"sessionId":"0d16bb597750e52f61828698d7b245b1","status":0,"value":"https://www.google.com.ph/url?url=https://cucumber.io/blog/2017/05/15/intro-to-bdd-and-tdd&rct=j&frm=1&q=&esrc=s&sa=U&ved=0ahUKEwih-oeSsNnaAhVEyrwKHaEnAOMQjBAIHzAF&usg=AOvVaw3fb6wRHHnUjMgVuEmWVtq_"}
10:10:34.613 INFO - Found handler: org.openqa.selenium.remote.server.ServicedSession@4cab6cff
10:10:34.613 INFO - Handler thread for session 0d16bb597750e52f61828698d7b245b1 (chrome): Executing GET on /session/0d16bb597750e52f61828698d7b245b1/element/0.14190297331083523-5/attribute/href (handler: ServicedSession)
10:10:34.624 INFO - To downstream: {"sessionId":"0d16bb597750e52f61828698d7b245b1","status":0,"value":"https://www.google.com.ph/url?url=https://cucumber.io/school&rct=j&frm=1&q=&esrc=s&sa=U&ved=0ahUKEwih-oeSsNnaAhVEyrwKHaEnAOMQjBAIITAC&usg=AOvVaw3gXqkF6bePYbSC6TtOeXnF"}
10:10:34.629 INFO - Found handler: org.openqa.selenium.remote.server.ServicedSession@4cab6cff
10:10:34.630 INFO - Handler thread for session 0d16bb597750e52f61828698d7b245b1 (chrome): Executing GET on /session/0d16bb597750e52f61828698d7b245b1/element/0.14190297331083523-6/attribute/href (handler: ServicedSession)
10:10:34.640 INFO - To downstream: {"sessionId":"0d16bb597750e52f61828698d7b245b1","status":0,"value":"https://www.google.com.ph/url?url=https://cucumber.io/blog&rct=j&frm=1&q=&esrc=s&sa=U&ved=0ahUKEwih-oeSsNnaAhVEyrwKHaEnAOMQjBAIIzAG&usg=AOvVaw1QKtZAUSA0k8fBrzEvtiO1"}
10:10:34.645 INFO - Found handler: org.openqa.selenium.remote.server.ServicedSession@4cab6cff
10:10:34.645 INFO - Handler thread for session 0d16bb597750e52f61828698d7b245b1 (chrome): Executing GET on /session/0d16bb597750e52f61828698d7b245b1/element/0.14190297331083523-7/attribute/href (handler: ServicedSession)
10:10:34.655 INFO - To downstream: {"sessionId":"0d16bb597750e52f61828698d7b245b1","status":0,"value":"https://www.google.com.ph/url?url=https://cucumber.io/training&rct=j&frm=1&q=&esrc=s&sa=U&ved=0ahUKEwih-oeSsNnaAhVEyrwKHaEnAOMQjBAIJTAD&usg=AOvVaw10MzGZJxYSRnEs7fXu6xYa"}
10:10:34.659 INFO - Found handler: org.openqa.selenium.remote.server.ServicedSession@4cab6cff
10:10:34.659 INFO - Handler thread for session 0d16bb597750e52f61828698d7b245b1 (chrome): Executing GET on /session/0d16bb597750e52f61828698d7b245b1/element/0.14190297331083523-8/attribute/href (handler: ServicedSession)
10:10:34.659 INFO - To downstream: {"sessionId":"0d16bb597750e52f61828698d7b245b1","status":0,"value":"https://www.google.com.ph/url?url=https://cucumber.io/support&rct=j&frm=1&q=&esrc=s&sa=U&ved=0ahUKEwih-oeSsNnaAhVEyrwKHaEnAOMQjBAIJzAH&usg=AOvVaw0CNuYDToLBeZYCs-OwlSUI"}
10:10:34.659 INFO - Found handler: org.openqa.selenium.remote.server.ServicedSession@4cab6cff
10:10:34.659 INFO - Handler thread for session 0d16bb597750e52f61828698d7b245b1 (chrome): Executing GET on /session/0d16bb597750e52f61828698d7b245b1/element/0.14190297331083523-9/attribute/href (handler: ServicedSession)
10:10:34.678 INFO - To downstream: {"sessionId":"0d16bb597750e52f61828698d7b245b1","status":0,"value":"https://www.google.com.ph/url?url=https://cucumber.io/pro&rct=j&frm=1&q=&esrc=s&sa=U&ved=0ahUKEwih-oeSsNnaAhVEyrwKHaEnAOMQjBAIKTAE&usg=AOvVaw3RxGWyXDntvbXiBZguki9n"}
10:10:34.678 INFO - Found handler: org.openqa.selenium.remote.server.ServicedSession@4cab6cff
10:10:34.678 INFO - Handler thread for session 0d16bb597750e52f61828698d7b245b1 (chrome): Executing GET on /session/0d16bb597750e52f61828698d7b245b1/element/0.14190297331083523-10/attribute/href (handler: ServicedSession)
10:10:34.694 INFO - To downstream: {"sessionId":"0d16bb597750e52f61828698d7b245b1","status":0,"value":"https://www.google.com.ph/url?url=https://docs.cucumber.io/docs/10-minute-tutorial.html&rct=j&frm=1&q=&esrc=s&sa=U&ved=0ahUKEwih-oeSsNnaAhVEyrwKHaEnAOMQjBAIKzAI&usg=AOvVaw2VTeyQZIMZ6yYgtVvdtgTT"}
10:10:34.694 INFO - Found handler: org.openqa.selenium.remote.server.ServicedSession@4cab6cff
10:10:34.694 INFO - Handler thread for session 0d16bb597750e52f61828698d7b245b1 (chrome): Executing GET on /session/0d16bb597750e52f61828698d7b245b1/element/0.14190297331083523-11/attribute/href (handler: ServicedSession)
10:10:34.709 INFO - To downstream: {"sessionId":"0d16bb597750e52f61828698d7b245b1","status":0,"value":"https://www.google.com.ph/url?url=https://en.wikipedia.org/wiki/Cucumber_(software)&rct=j&frm=1&q=&esrc=s&sa=U&ved=0ahUKEwih-oeSsNnaAhVEyrwKHaEnAOMQFgguMAk&usg=AOvVaw2_du0ViuLSwhWUDCaU-b07"}
10:10:34.709 INFO - Found handler: org.openqa.selenium.remote.server.ServicedSession@4cab6cff
10:10:34.709 INFO - Handler thread for session 0d16bb597750e52f61828698d7b245b1 (chrome): Executing GET on /session/0d16bb597750e52f61828698d7b245b1/element/0.14190297331083523-12/attribute/href (handler: ServicedSession)
10:10:34.709 INFO - To downstream: {"sessionId":"0d16bb597750e52f61828698d7b245b1","status":0,"value":"https://www.google.com.ph/url?url=https://github.com/cucumber&rct=j&frm=1&q=&esrc=s&sa=U&ved=0ahUKEwih-oeSsNnaAhVEyrwKHaEnAOMQFgg5MAo&usg=AOvVaw35ndhpqMzoINKGbopZBXom"}
10:10:34.725 INFO - Found handler: org.openqa.selenium.remote.server.ServicedSession@4cab6cff
10:10:34.725 INFO - Handler thread for session 0d16bb597750e52f61828698d7b245b1 (chrome): Executing GET on /session/0d16bb597750e52f61828698d7b245b1/element/0.14190297331083523-13/attribute/href (handler: ServicedSession)
10:10:34.725 INFO - To downstream: {"sessionId":"0d16bb597750e52f61828698d7b245b1","status":0,"value":"https://www.google.com.ph/url?url=https://github.com/cucumber/docs.cucumber.io&rct=j&frm=1&q=&esrc=s&sa=U&ved=0ahUKEwih-oeSsNnaAhVEyrwKHaEnAOMQFgg_MAs&usg=AOvVaw2yIZ5SZ_0pUwLT8HdknC8O"}
10:10:34.740 INFO - Found handler: org.openqa.selenium.remote.server.ServicedSession@4cab6cff
10:10:34.740 INFO - Handler thread for session 0d16bb597750e52f61828698d7b245b1 (chrome): Executing GET on /session/0d16bb597750e52f61828698d7b245b1/element/0.14190297331083523-14/attribute/href (handler: ServicedSession)
10:10:34.740 INFO - To downstream: {"sessionId":"0d16bb597750e52f61828698d7b245b1","status":0,"value":"https://www.google.com.ph/url?url=https://www.youtube.com/watch%3Fv%3D1G-m5PMC_cM&rct=j&frm=1&q=&esrc=s&sa=U&ved=0ahUKEwih-oeSsNnaAhVEyrwKHaEnAOMQtwIIRTAM&usg=AOvVaw2wGrykND-i8TQaxbz5SLQl"}
10:10:34.760 INFO - Found handler: org.openqa.selenium.remote.server.ServicedSession@4cab6cff
10:10:34.760 INFO - Handler thread for session 0d16bb597750e52f61828698d7b245b1 (chrome): Executing GET on /session/0d16bb597750e52f61828698d7b245b1/element/0.14190297331083523-15/attribute/href (handler: ServicedSession)
10:10:34.760 INFO - To downstream: {"sessionId":"0d16bb597750e52f61828698d7b245b1","status":0,"value":"https://www.google.com.ph/url?url=https://mvnrepository.com/artifact/io.cucumber&rct=j&frm=1&q=&esrc=s&sa=U&ved=0ahUKEwih-oeSsNnaAhVEyrwKHaEnAOMQFghIMA0&usg=AOvVaw2WS9aerxWylYKpVYoTmjFN"}
10:10:34.791 INFO - Found handler: org.openqa.selenium.remote.server.ServicedSession@4cab6cff
10:10:34.791 INFO - Handler thread for session 0d16bb597750e52f61828698d7b245b1 (chrome): Executing POST on /session/0d16bb597750e52f61828698d7b245b1/url (handler: ServicedSession)
10:10:34.806 INFO - To upstream: {"url":"https://www.google.com.ph"}
10:10:35.066 INFO - To downstream: {"sessionId":"0d16bb597750e52f61828698d7b245b1","status":0,"value":null}
10:10:35.075 INFO - Found handler: org.openqa.selenium.remote.server.ServicedSession@4cab6cff
10:10:35.075 INFO - Handler thread for session 0d16bb597750e52f61828698d7b245b1 (chrome): Executing POST on /session/0d16bb597750e52f61828698d7b245b1/elements (handler: ServicedSession)
10:10:35.077 INFO - To upstream: {"using":"css selector","value":"body"}
10:10:35.107 INFO - To downstream: {"sessionId":"0d16bb597750e52f61828698d7b245b1","status":0,"value":[{"ELEMENT":"0.6775943931169612-1"}]}
10:10:35.124 INFO - Found handler: org.openqa.selenium.remote.server.ServicedSession@4cab6cff
10:10:35.124 INFO - Handler thread for session 0d16bb597750e52f61828698d7b245b1 (chrome): Executing POST on /session/0d16bb597750e52f61828698d7b245b1/elements (handler: ServicedSession)
10:10:35.126 INFO - To upstream: {"using":"css selector","value":"input[name=q]"}
10:10:35.136 INFO - To downstream: {"sessionId":"0d16bb597750e52f61828698d7b245b1","status":0,"value":[{"ELEMENT":"0.6775943931169612-2"}]}
10:10:35.140 INFO - Found handler: org.openqa.selenium.remote.server.ServicedSession@4cab6cff
10:10:35.141 INFO - Handler thread for session 0d16bb597750e52f61828698d7b245b1 (chrome): Executing GET on /session/0d16bb597750e52f61828698d7b245b1/element/0.6775943931169612-2/displayed (handler: ServicedSession)
10:10:35.163 INFO - To downstream: {"sessionId":"0d16bb597750e52f61828698d7b245b1","status":0,"value":true}
10:10:35.168 INFO - Found handler: org.openqa.selenium.remote.server.ServicedSession@4cab6cff
10:10:35.168 INFO - Handler thread for session 0d16bb597750e52f61828698d7b245b1 (chrome): Executing POST on /session/0d16bb597750e52f61828698d7b245b1/element (handler: ServicedSession)
10:10:35.170 INFO - To upstream: {"using":"css selector","value":"input[name=q]"}
10:10:35.177 INFO - To downstream: {"sessionId":"0d16bb597750e52f61828698d7b245b1","status":0,"value":{"ELEMENT":"0.6775943931169612-2"}}
10:10:35.177 INFO - Found handler: org.openqa.selenium.remote.server.ServicedSession@4cab6cff
10:10:35.177 INFO - Handler thread for session 0d16bb597750e52f61828698d7b245b1 (chrome): Executing POST on /session/0d16bb597750e52f61828698d7b245b1/element/0.6775943931169612-2/value (handler: ServicedSession)
10:10:35.177 INFO - To upstream: {"value":["n","i","g","h","t","w","a","t","c","h","-","c","u","c","u","m","b","e","r","\ue007"]}
10:10:36.106 INFO - To downstream: {"sessionId":"0d16bb597750e52f61828698d7b245b1","status":0,"value":null}
10:10:36.121 INFO - Found handler: org.openqa.selenium.remote.server.ServicedSession@4cab6cff
10:10:36.122 INFO - Handler thread for session 0d16bb597750e52f61828698d7b245b1 (chrome): Executing POST on /session/0d16bb597750e52f61828698d7b245b1/elements (handler: ServicedSession)
10:10:36.124 INFO - To upstream: {"using":"css selector","value":"#fll > a:nth-child(6)"}
10:10:36.137 INFO - To downstream: {"sessionId":"0d16bb597750e52f61828698d7b245b1","status":0,"value":[{"ELEMENT":"0.5539588074697945-1"}]}
10:10:36.141 INFO - Found handler: org.openqa.selenium.remote.server.ServicedSession@4cab6cff
10:10:36.142 INFO - Handler thread for session 0d16bb597750e52f61828698d7b245b1 (chrome): Executing GET on /session/0d16bb597750e52f61828698d7b245b1/element/0.5539588074697945-1/displayed (handler: ServicedSession)
10:10:36.166 INFO - To downstream: {"sessionId":"0d16bb597750e52f61828698d7b245b1","status":0,"value":false}
10:10:36.670 INFO - Found handler: org.openqa.selenium.remote.server.ServicedSession@4cab6cff
10:10:36.670 INFO - Handler thread for session 0d16bb597750e52f61828698d7b245b1 (chrome): Executing GET on /session/0d16bb597750e52f61828698d7b245b1/element/0.5539588074697945-1/displayed (handler: ServicedSession)
10:10:36.684 INFO - To downstream: {"sessionId":"0d16bb597750e52f61828698d7b245b1","status":0,"value":false}
10:10:37.190 INFO - Found handler: org.openqa.selenium.remote.server.ServicedSession@4cab6cff
10:10:37.191 INFO - Handler thread for session 0d16bb597750e52f61828698d7b245b1 (chrome): Executing GET on /session/0d16bb597750e52f61828698d7b245b1/element/0.5539588074697945-1/displayed (handler: ServicedSession)
10:10:37.195 INFO - To downstream: {"sessionId":"0d16bb597750e52f61828698d7b245b1","status":0,"value":false}
10:10:37.724 INFO - Found handler: org.openqa.selenium.remote.server.ServicedSession@4cab6cff
10:10:37.724 INFO - Handler thread for session 0d16bb597750e52f61828698d7b245b1 (chrome): Executing GET on /session/0d16bb597750e52f61828698d7b245b1/element/0.5539588074697945-1/displayed (handler: ServicedSession)
10:10:37.740 INFO - To downstream: {"sessionId":"0d16bb597750e52f61828698d7b245b1","status":0,"value":false}
10:10:38.262 INFO - Found handler: org.openqa.selenium.remote.server.ServicedSession@4cab6cff
10:10:38.262 INFO - Handler thread for session 0d16bb597750e52f61828698d7b245b1 (chrome): Executing GET on /session/0d16bb597750e52f61828698d7b245b1/element/0.5539588074697945-1/displayed (handler: ServicedSession)
10:10:38.294 INFO - To downstream: {"sessionId":"0d16bb597750e52f61828698d7b245b1","status":0,"value":false}
10:10:38.809 INFO - Found handler: org.openqa.selenium.remote.server.ServicedSession@4cab6cff
10:10:38.809 INFO - Handler thread for session 0d16bb597750e52f61828698d7b245b1 (chrome): Executing GET on /session/0d16bb597750e52f61828698d7b245b1/element/0.5539588074697945-1/displayed (handler: ServicedSession)
10:10:38.841 INFO - To downstream: {"sessionId":"0d16bb597750e52f61828698d7b245b1","status":0,"value":false}
10:10:39.364 INFO - Found handler: org.openqa.selenium.remote.server.ServicedSession@4cab6cff
10:10:39.364 INFO - Handler thread for session 0d16bb597750e52f61828698d7b245b1 (chrome): Executing GET on /session/0d16bb597750e52f61828698d7b245b1/element/0.5539588074697945-1/displayed (handler: ServicedSession)
10:10:39.395 INFO - To downstream: {"sessionId":"0d16bb597750e52f61828698d7b245b1","status":0,"value":true}
10:10:39.411 INFO - Found handler: org.openqa.selenium.remote.server.ServicedSession@4cab6cff
10:10:39.411 INFO - Handler thread for session 0d16bb597750e52f61828698d7b245b1 (chrome): Executing POST on /session/0d16bb597750e52f61828698d7b245b1/elements (handler: ServicedSession)
10:10:39.411 INFO - To upstream: {"using":"css selector","value":"div[class=g] h3 a"}
10:10:39.426 INFO - To downstream: {"sessionId":"0d16bb597750e52f61828698d7b245b1","status":0,"value":[{"ELEMENT":"0.5539588074697945-2"},{"ELEMENT":"0.5539588074697945-3"},{"ELEMENT":"0.5539588074697945-4"},{"ELEMENT":"0.5539588074697945-5"},{"ELEMENT":"0.5539588074697945-6"},{"ELEMENT":"0.5539588074697945-7"},{"ELEMENT":"0.5539588074697945-8"},{"ELEMENT":"0.5539588074697945-9"},{"ELEMENT":"0.5539588074697945-10"},{"ELEMENT":"0.5539588074697945-11"}]}
10:10:39.442 INFO - Found handler: org.openqa.selenium.remote.server.ServicedSession@4cab6cff
10:10:39.442 INFO - Handler thread for session 0d16bb597750e52f61828698d7b245b1 (chrome): Executing GET on /session/0d16bb597750e52f61828698d7b245b1/element/0.5539588074697945-2/attribute/href (handler: ServicedSession)
10:10:39.442 INFO - To downstream: {"sessionId":"0d16bb597750e52f61828698d7b245b1","status":0,"value":"https://www.google.com.ph/url?url=https://github.com/mucsi96/nightwatch-cucumber&rct=j&frm=1&q=&esrc=s&sa=U&ved=0ahUKEwixp6GUsNnaAhUPQLwKHUpnDEQQFggUMAA&usg=AOvVaw14zqvMTWOfett6idlY74iF"}
10:10:39.459 INFO - Found handler: org.openqa.selenium.remote.server.ServicedSession@4cab6cff
10:10:39.460 INFO - Handler thread for session 0d16bb597750e52f61828698d7b245b1 (chrome): Executing GET on /session/0d16bb597750e52f61828698d7b245b1/element/0.5539588074697945-3/attribute/href (handler: ServicedSession)
10:10:39.464 INFO - To downstream: {"sessionId":"0d16bb597750e52f61828698d7b245b1","status":0,"value":"https://www.google.com.ph/url?url=https://www.npmjs.com/package/nightwatch-cucumber&rct=j&frm=1&q=&esrc=s&sa=U&ved=0ahUKEwixp6GUsNnaAhUPQLwKHUpnDEQQFggeMAE&usg=AOvVaw1zMQOIcop1kxaGlYzog-91"}
10:10:39.464 INFO - Found handler: org.openqa.selenium.remote.server.ServicedSession@4cab6cff
10:10:39.464 INFO - Handler thread for session 0d16bb597750e52f61828698d7b245b1 (chrome): Executing GET on /session/0d16bb597750e52f61828698d7b245b1/element/0.5539588074697945-4/attribute/href (handler: ServicedSession)
10:10:39.480 INFO - To downstream: {"sessionId":"0d16bb597750e52f61828698d7b245b1","status":0,"value":"https://www.google.com.ph/url?url=https://mucsi96.github.io/nightwatch-cucumber/&rct=j&frm=1&q=&esrc=s&sa=U&ved=0ahUKEwixp6GUsNnaAhUPQLwKHUpnDEQQFgglMAI&usg=AOvVaw0rY8GQ5U8CUs1Cqii-sS9c"}
10:10:39.480 INFO - Found handler: org.openqa.selenium.remote.server.ServicedSession@4cab6cff
10:10:39.480 INFO - Handler thread for session 0d16bb597750e52f61828698d7b245b1 (chrome): Executing GET on /session/0d16bb597750e52f61828698d7b245b1/element/0.5539588074697945-5/attribute/href (handler: ServicedSession)
10:10:39.495 INFO - To downstream: {"sessionId":"0d16bb597750e52f61828698d7b245b1","status":0,"value":"https://www.google.com.ph/url?url=https://moduscreate.com/blog/writing-e2e-tests-with-nightwatch-cucumber/&rct=j&frm=1&q=&esrc=s&sa=U&ved=0ahUKEwixp6GUsNnaAhUPQLwKHUpnDEQQFggvMAM&usg=AOvVaw1P2wy-i6p9hyDqPaYfheQp"}
10:10:39.495 INFO - Found handler: org.openqa.selenium.remote.server.ServicedSession@4cab6cff
10:10:39.495 INFO - Handler thread for session 0d16bb597750e52f61828698d7b245b1 (chrome): Executing GET on /session/0d16bb597750e52f61828698d7b245b1/element/0.5539588074697945-6/attribute/href (handler: ServicedSession)
10:10:39.511 INFO - To downstream: {"sessionId":"0d16bb597750e52f61828698d7b245b1","status":0,"value":"https://www.google.com.ph/url?url=https://www.youtube.com/watch%3Fv%3DlB9eKH_9SBE&rct=j&frm=1&q=&esrc=s&sa=U&ved=0ahUKEwixp6GUsNnaAhUPQLwKHUpnDEQQtwIINzAE&usg=AOvVaw0n5xMXXd-zivnCtt3l_X1k"}
10:10:39.511 INFO - Found handler: org.openqa.selenium.remote.server.ServicedSession@4cab6cff
10:10:39.511 INFO - Handler thread for session 0d16bb597750e52f61828698d7b245b1 (chrome): Executing GET on /session/0d16bb597750e52f61828698d7b245b1/element/0.5539588074697945-7/attribute/href (handler: ServicedSession)
10:10:39.527 INFO - To downstream: {"sessionId":"0d16bb597750e52f61828698d7b245b1","status":0,"value":"https://www.google.com.ph/url?url=https://markus.oberlehner.net/blog/acceptance-testing-with-nightwatch-and-cucumber-setup/&rct=j&frm=1&q=&esrc=s&sa=U&ved=0ahUKEwixp6GUsNnaAhUPQLwKHUpnDEQQFgg6MAU&usg=AOvVaw3PGtsmcsW9d059EeAaJBSH"}
10:10:39.527 INFO - Found handler: org.openqa.selenium.remote.server.ServicedSession@4cab6cff
10:10:39.527 INFO - Handler thread for session 0d16bb597750e52f61828698d7b245b1 (chrome): Executing GET on /session/0d16bb597750e52f61828698d7b245b1/element/0.5539588074697945-8/attribute/href (handler: ServicedSession)
10:10:39.527 INFO - To downstream: {"sessionId":"0d16bb597750e52f61828698d7b245b1","status":0,"value":"https://www.google.com.ph/url?url=https://tidelift.com/repo/github/mucsi96/nightwatch-cucumber&rct=j&frm=1&q=&esrc=s&sa=U&ved=0ahUKEwixp6GUsNnaAhUPQLwKHUpnDEQQFghAMAY&usg=AOvVaw0U1tcySsywaFArLbqj2uiW"}
10:10:39.546 INFO - Found handler: org.openqa.selenium.remote.server.ServicedSession@4cab6cff
10:10:39.546 INFO - Handler thread for session 0d16bb597750e52f61828698d7b245b1 (chrome): Executing GET on /session/0d16bb597750e52f61828698d7b245b1/element/0.5539588074697945-9/attribute/href (handler: ServicedSession)
10:10:39.547 INFO - To downstream: {"sessionId":"0d16bb597750e52f61828698d7b245b1","status":0,"value":"https://www.google.com.ph/url?url=https://stackoverflow.com/questions/45920217/generate-cucumber-report-after-test-execution-with-nightwatch-cucumber&rct=j&frm=1&q=&esrc=s&sa=U&ved=0ahUKEwixp6GUsNnaAhUPQLwKHUpnDEQQFghFMAc&usg=AOvVaw1MrKxvxJ8b8OWQ4SnBorOu"}
10:10:39.547 INFO - Found handler: org.openqa.selenium.remote.server.ServicedSession@4cab6cff
10:10:39.547 INFO - Handler thread for session 0d16bb597750e52f61828698d7b245b1 (chrome): Executing GET on /session/0d16bb597750e52f61828698d7b245b1/element/0.5539588074697945-10/attribute/href (handler: ServicedSession)
10:10:39.564 INFO - To downstream: {"sessionId":"0d16bb597750e52f61828698d7b245b1","status":0,"value":"https://www.google.com.ph/url?url=https://gitter.im/mucsi96/nightwatch-cucumber&rct=j&frm=1&q=&esrc=s&sa=U&ved=0ahUKEwixp6GUsNnaAhUPQLwKHUpnDEQQFghLMAg&usg=AOvVaw2ONGmuVnD--Z5edjRNbFlK"}
10:10:39.564 INFO - Found handler: org.openqa.selenium.remote.server.ServicedSession@4cab6cff
10:10:39.564 INFO - Handler thread for session 0d16bb597750e52f61828698d7b245b1 (chrome): Executing GET on /session/0d16bb597750e52f61828698d7b245b1/element/0.5539588074697945-11/attribute/href (handler: ServicedSession)
10:10:39.579 INFO - To downstream: {"sessionId":"0d16bb597750e52f61828698d7b245b1","status":0,"value":"https://www.google.com.ph/url?url=https://codeclimate.com/github/mucsi96/nightwatch-cucumber/issues%3Fpage%3D4&rct=j&frm=1&q=&esrc=s&sa=U&ved=0ahUKEwixp6GUsNnaAhUPQLwKHUpnDEQQFghQMAk&usg=AOvVaw24t5R2-eEGLjkzU8HgXwer"}
10:10:39.595 INFO - Found handler: org.openqa.selenium.remote.server.ServicedSession@4cab6cff
10:10:39.595 INFO - Handler thread for session 0d16bb597750e52f61828698d7b245b1 (chrome): Executing DELETE on /session/0d16bb597750e52f61828698d7b245b1 (handler: ServicedSession)
10:10:39.622 INFO - To downstream: {"sessionId":"0d16bb597750e52f61828698d7b245b1","status":0,"value":null}
10:10:39.628 INFO - Removing session org.openqa.selenium.remote.server.ServicedSession@4cab6cff
10:10:39.652 INFO - To downstream: {"sessionId":"","status":0,"value":null}
